2025-04-12 12:33:26,251 - INFO - Starting book update process
2025-04-12 12:33:26,252 - INFO - Executing notebooks...
2025-04-12 12:33:26,255 - INFO - Processing dashboard1.ipynb...
2025-04-12 12:33:57,131 - INFO - Command poetry run jupyter nbconvert --to notebook --execute --inplace C:\Users\idera\OneDrive\source\tulip-collector\docs\notebooks\dashboard1.ipynb executed successfully
2025-04-12 12:33:57,132 - INFO - Building the book...
2025-04-12 14:50:16,069 - INFO - Command poetry run jupyter-book build docs executed successfully
2025-04-12 14:50:16,190 - INFO - Output: Running Jupyter-Book v1.0.4.post1
Source Folder: C:\Users\idera\OneDrive\source\tulip-collector\docs
Config Path: C:\Users\idera\OneDrive\source\tulip-collector\_config.yml
Output Path: C:\Users\idera\OneDrive\source\tulip-collector\_build\html
[01mRunning Sphinx v7.4.7[39;49;00m
[01mloading translations [en]... [39;49;00mdone
[etoc] Changing master_doc to 'intro'
[01mloading pickled environment... [39;49;00mdone
[01mmyst v3.0.1:[39;49;00m MdParserConfig(commonmark_only=False, gfm_only=False, enable_extensions={'colon_fence', 'tasklist', 'dollarmath', 'linkify', 'substitution'}, disable_syntax=[], all_links_external=False, links_external_new_tab=False, url_schemes=('mailto', 'http', 'https'), ref_domains=None, fence_as_directive=set(), number_code_blocks=[], title_to_header=False, heading_anchors=0, heading_slug_func=None, html_meta={}, footnote_transition=True, words_per_minute=200, substitutions={}, linkify_fuzzy_links=True, dmath_allow_labels=True, dmath_allow_space=True, dmath_allow_digits=True, dmath_double_inline=False, update_mathjax=True, mathjax_classes='tex2jax_process|mathjax_process|math|output_area', enable_checkboxes=False, suppress_warnings=[], highlight_code_blocks=True)
[01mmyst-nb v1.2.0:[39;49;00m NbParserConfig(custom_formats={}, metadata_key='mystnb', cell_metadata_key='mystnb', kernel_rgx_aliases={}, eval_name_regex='^[a-zA-Z_][a-zA-Z0-9_]*$', execution_mode='force', execution_cache_path='', execution_excludepatterns=[], execution_timeout=600, execution_in_temp=False, execution_allow_errors=False, execution_raise_on_error=False, execution_show_tb=False, merge_streams=False, render_plugin='default', remove_code_source=False, remove_code_outputs=False, code_prompt_show='Show code cell {type}', code_prompt_hide='Hide code cell {type}', number_source_lines=False, output_stderr='show', render_text_lexer='myst-ansi', render_error_lexer='ipythontb', render_image_options={}, render_figure_options={}, render_markdown_format='commonmark', output_folder='build', append_css=True, metadata_to_fm=False)
Using jupyter-cache at: C:\Users\idera\OneDrive\source\tulip-collector\_build\.jupyter_cache
[01msphinx-multitoc-numbering v0.1.3:[39;49;00m Loaded
[01mbuilding [mo]: [39;49;00mtargets for 0 po files that are out of date
[01mwriting output... [39;49;00m
[01mbuilding [html]: [39;49;00mtargets for 1 source files that are out of date
[01mupdating environment: [39;49;00m0 added, 1 changed, 0 removed
[2K[01mreading sources... [39;49;00m[100%] [35mnotebooks/dashboard1[39;49;00m
C:\Users\idera\OneDrive\source\tulip-collector\docs\notebooks/dashboard1.ipynb: Executing notebook using local CWD [mystnb]
C:\Users\idera\OneDrive\source\tulip-collector\docs\notebooks/dashboard1.ipynb: Executed notebook in 7.38 seconds [mystnb]

[01mlooking for now-outdated files... [39;49;00mnone found
[01mpickling environment... [39;49;00mdone
[01mchecking consistency... [39;49;00mdone
[01mpreparing documents... [39;49;00mdone
[01mcopying assets... [39;49;00m
[01mcopying static files... [39;49;00mdone
[01mcopying extra files... [39;49;00mdone
[01mcopying assets: [39;49;00mdone
[2K[01mwriting output... [39;49;00m[ 50%] [32mintro[39;49;00m
[2K[01mwriting output... [39;49;00m[100%] [32mnotebooks/dashboard1[39;49;00m

[01mgenerating indices... [39;49;00mgenindex done
[01mwriting additional pages... [39;49;00msearch done
[2K[01mcopying images... [39;49;00m[100%] [33mC:/Users/idera/OneDrive/source/tulip-collector/_build/jupyter_execute/006d1bb9309dc358d3d92d7e3b3a33255b1ffa4e2ddd8d5ff8bfabedbd8becbe.png[39;49;00m

[01mdumping search index in English (code: en)... [39;49;00mdone
[01mdumping object inventory... [39;49;00mdone
[01mbuild succeeded, 1 warning.[39;49;00m

The HTML pages are in _build\html.

[92m===============================================================================[0m

Finished generating HTML for book.
Your book's HTML pages are here:
    _build\html\
You can look at your book by opening this file in a browser:
    _build\html\index.html
Or paste this line directly into your browser bar:
    file://C:\Users\idera\OneDrive\source\tulip-collector\_build\html\index.html            

[92m===============================================================================[0m


2025-04-12 14:50:16,479 - INFO - Book update completed successfully at 2025-04-12 14:50:16.479930
2025-04-12 15:59:02,544 - INFO - Starting book update process
2025-04-12 15:59:02,545 - INFO - Executing notebooks...
2025-04-12 15:59:02,547 - INFO - Processing dashboard1.ipynb...
2025-04-12 16:00:03,310 - INFO - Command poetry run jupyter nbconvert --to notebook --execute --inplace C:\Users\idera\OneDrive\source\whats-priced-in\docs\notebooks\dashboard1.ipynb executed successfully
2025-04-12 16:00:03,310 - INFO - Building the book...
2025-04-12 16:00:47,025 - INFO - Command poetry run jupyter-book build docs executed successfully
2025-04-12 16:00:47,026 - INFO - Output: Running Jupyter-Book v1.0.3
Source Folder: C:\Users\idera\OneDrive\source\whats-priced-in\docs
Config Path: C:\Users\idera\OneDrive\source\whats-priced-in\_config.yml
Output Path: C:\Users\idera\OneDrive\source\whats-priced-in\_build\html
[01mRunning Sphinx v5.3.0[39;49;00m
[etoc] Changing master_doc to 'intro'
[01mloading pickled environment... [39;49;00mfailed
failed: No module named 'sphinx.util._pathlib'
[01mmyst v1.0.0:[39;49;00m MdParserConfig(commonmark_only=False, gfm_only=False, enable_extensions={'tasklist', 'colon_fence', 'linkify', 'substitution', 'dollarmath'}, disable_syntax=[], all_links_external=False, url_schemes=('mailto', 'http', 'https'), ref_domains=None, fence_as_directive=set(), number_code_blocks=[], title_to_header=False, heading_anchors=0, heading_slug_func=None, html_meta={}, footnote_transition=True, words_per_minute=200, substitutions={}, linkify_fuzzy_links=True, dmath_allow_labels=True, dmath_allow_space=True, dmath_allow_digits=True, dmath_double_inline=False, update_mathjax=True, mathjax_classes='tex2jax_process|mathjax_process|math|output_area', enable_checkboxes=False, suppress_warnings=[], highlight_code_blocks=True)
[01mmyst-nb v1.2.0:[39;49;00m NbParserConfig(custom_formats={}, metadata_key='mystnb', cell_metadata_key='mystnb', kernel_rgx_aliases={}, eval_name_regex='^[a-zA-Z_][a-zA-Z0-9_]*$', execution_mode='force', execution_cache_path='', execution_excludepatterns=[], execution_timeout=600, execution_in_temp=False, execution_allow_errors=False, execution_raise_on_error=False, execution_show_tb=False, merge_streams=False, render_plugin='default', remove_code_source=False, remove_code_outputs=False, code_prompt_show='Show code cell {type}', code_prompt_hide='Hide code cell {type}', number_source_lines=False, output_stderr='show', render_text_lexer='myst-ansi', render_error_lexer='ipythontb', render_image_options={}, render_figure_options={}, render_markdown_format='commonmark', output_folder='build', append_css=True, metadata_to_fm=False)
Using jupyter-cache at: C:\Users\idera\OneDrive\source\whats-priced-in\_build\.jupyter_cache
[01msphinx-multitoc-numbering v0.1.3:[39;49;00m Loaded
[01mbuilding [mo]: [39;49;00mtargets for 0 po files that are out of date
[01mbuilding [html]: [39;49;00mtargets for 2 source files that are out of date
[01mupdating environment: [39;49;00m[new config] 2 added, 0 changed, 0 removed
[01mreading sources... [39;49;00m[ 50%] [35mintro[39;49;00m                                                
[01mreading sources... [39;49;00m[100%] [35mnotebooks/dashboard1[39;49;00m                                 
C:\Users\idera\OneDrive\source\whats-priced-in\docs\notebooks\dashboard1.ipynb: Executing notebook using local CWD [mystnb]
C:\Users\idera\OneDrive\source\whats-priced-in\docs\notebooks\dashboard1.ipynb: Executed notebook in 5.22 seconds [mystnb]

[01mlooking for now-outdated files... [39;49;00mnone found
[01mpickling environment... [39;49;00mdone
[01mchecking consistency... [39;49;00mdone
[01mpreparing documents... [39;49;00mdone
[01mwriting output... [39;49;00m[ 50%] [32mintro[39;49;00m                                                 
[01mwriting output... [39;49;00m[100%] [32mnotebooks/dashboard1[39;49;00m                                  

[01mgenerating indices... [39;49;00mgenindex done
[01mwriting additional pages... [39;49;00msearch done
[01mcopying images... [39;49;00m[100%] [33mC:/Users/idera/OneDrive/source/whats-priced-in/_build/jupyter_execute/c9a9edc630b9638f19274d5f3d65d729597c5c5c117e9b5a27be7ed7637bb8c3.png[39;49;00m

[01mcopying static files... [39;49;00mdone
[01mcopying extra files... [39;49;00mdone
[01mdumping search index in English (code: en)... [39;49;00mdone
[01mdumping object inventory... [39;49;00mdone
[01mbuild succeeded, 1 warning.[39;49;00m

The HTML pages are in _build\html.

[92m===============================================================================[0m

Finished generating HTML for book.
Your book's HTML pages are here:
    _build\html\
You can look at your book by opening this file in a browser:
    _build\html\index.html
Or paste this line directly into your browser bar:
    file://C:\Users\idera\OneDrive\source\whats-priced-in\_build\html\index.html            

[92m===============================================================================[0m


2025-04-12 16:00:47,028 - INFO - Book update completed successfully at 2025-04-12 16:00:47.027599
2025-04-12 16:23:01,664 - INFO - Starting book update process
2025-04-12 16:23:01,665 - INFO - Executing notebooks...
2025-04-12 16:23:01,666 - INFO - Processing dashboard1.ipynb...
2025-04-12 16:23:17,307 - INFO - Command poetry run jupyter nbconvert --to notebook --execute --inplace C:\Users\idera\OneDrive\source\whats-priced-in\docs\notebooks\dashboard1.ipynb executed successfully
2025-04-12 16:23:17,308 - INFO - Building the book...
2025-04-12 16:23:22,479 - ERROR - Command failed: poetry run jupyter-book build docs
2025-04-12 16:23:22,480 - ERROR - Error: Traceback (most recent call last):
  File "C:\Users\idera\AppData\Local\pypoetry\Cache\virtualenvs\whats-priced-in-vDzA6oJn-py3.12\Lib\site-packages\jupyter_book\cli\main.py", line 242, in build
    parse_toc_yaml(toc)
  File "C:\Users\idera\AppData\Local\pypoetry\Cache\virtualenvs\whats-priced-in-vDzA6oJn-py3.12\Lib\site-packages\sphinx_external_toc\parsing.py", line 90, in parse_toc_yaml
    return parse_toc_data(data)
           ^^^^^^^^^^^^^^^^^^^^
  File "C:\Users\idera\AppData\Local\pypoetry\Cache\virtualenvs\whats-priced-in-vDzA6oJn-py3.12\Lib\site-packages\sphinx_external_toc\parsing.py", line 115, in parse_toc_data
    doc_item, docs_list = _parse_doc_item(
                          ^^^^^^^^^^^^^^^^
  File "C:\Users\idera\AppData\Local\pypoetry\Cache\virtualenvs\whats-priced-in-vDzA6oJn-py3.12\Lib\site-packages\sphinx_external_toc\parsing.py", line 171, in _parse_doc_item
    raise MalformedError(
sphinx_external_toc.parsing.MalformedError: Unknown keys found: {'logo'}, allowed: {'defaults', 'format', 'chapters', 'meta', 'title', 'options', 'root', 'parts'} @ '/'

During handling of the above exception, another exception occurred:

Traceback (most recent call last):
  File "<frozen runpy>", line 198, in _run_module_as_main
  File "<frozen runpy>", line 88, in _run_code
  File "C:\Users\idera\AppData\Local\pypoetry\Cache\virtualenvs\whats-priced-in-vDzA6oJn-py3.12\Scripts\jupyter-book.exe\__main__.py", line 7, in <module>
  File "C:\Users\idera\AppData\Local\pypoetry\Cache\virtualenvs\whats-priced-in-vDzA6oJn-py3.12\Lib\site-packages\click\core.py", line 1161, in __call__
    return self.main(*args, **kwargs)
           ^^^^^^^^^^^^^^^^^^^^^^^^^^
  File "C:\Users\idera\AppData\Local\pypoetry\Cache\virtualenvs\whats-priced-in-vDzA6oJn-py3.12\Lib\site-packages\click\core.py", line 1082, in main
    rv = self.invoke(ctx)
         ^^^^^^^^^^^^^^^^
  File "C:\Users\idera\AppData\Local\pypoetry\Cache\virtualenvs\whats-priced-in-vDzA6oJn-py3.12\Lib\site-packages\click\core.py", line 1697, in invoke
    return _process_result(sub_ctx.command.invoke(sub_ctx))
                           ^^^^^^^^^^^^^^^^^^^^^^^^^^^^^^^
  File "C:\Users\idera\AppData\Local\pypoetry\Cache\virtualenvs\whats-priced-in-vDzA6oJn-py3.12\Lib\site-packages\click\core.py", line 1443, in invoke
    return ctx.invoke(self.callback, **ctx.params)
           ^^^^^^^^^^^^^^^^^^^^^^^^^^^^^^^^^^^^^^^
  File "C:\Users\idera\AppData\Local\pypoetry\Cache\virtualenvs\whats-priced-in-vDzA6oJn-py3.12\Lib\site-packages\click\core.py", line 788, in invoke
    return __callback(*args, **kwargs)
           ^^^^^^^^^^^^^^^^^^^^^^^^^^^
  File "C:\Users\idera\AppData\Local\pypoetry\Cache\virtualenvs\whats-priced-in-vDzA6oJn-py3.12\Lib\site-packages\jupyter_book\cli\main.py", line 244, in build
    _error(
  File "C:\Users\idera\AppData\Local\pypoetry\Cache\virtualenvs\whats-priced-in-vDzA6oJn-py3.12\Lib\site-packages\jupyter_book\utils.py", line 48, in _error
    raise kind(box)
RuntimeError: 
[91m===============================================================================[0m

The Table of Contents file is malformed: Unknown keys found: {'logo'}, allowed: {'defaults', 'format', 'chapters', 'meta', 'title', 'options', 'root', 'parts'} @ '/'
You may need to migrate from the old format, using:

	jupyter-book toc migrate C:\Users\idera\OneDrive\source\whats-priced-in\docs\_toc.yml -o C:\Users\idera\OneDrive\source\whats-priced-in\docs\_toc.yml

[91m===============================================================================[0m


2025-04-12 16:23:22,482 - ERROR - Failed to build the book
2025-04-12 16:24:13,191 - INFO - Starting book update process
2025-04-12 16:24:13,192 - INFO - Executing notebooks...
2025-04-12 16:24:13,195 - INFO - Processing dashboard1.ipynb...
2025-04-12 16:24:26,054 - INFO - Command poetry run jupyter nbconvert --to notebook --execute --inplace C:\Users\idera\OneDrive\source\whats-priced-in\docs\notebooks\dashboard1.ipynb executed successfully
2025-04-12 16:24:26,054 - INFO - Building the book...
2025-04-12 16:24:30,661 - ERROR - Command failed: poetry run jupyter-book build docs
2025-04-12 16:24:30,661 - ERROR - Error: Traceback (most recent call last):
  File "C:\Users\idera\AppData\Local\pypoetry\Cache\virtualenvs\whats-priced-in-vDzA6oJn-py3.12\Lib\site-packages\jupyter_book\cli\main.py", line 242, in build
    parse_toc_yaml(toc)
  File "C:\Users\idera\AppData\Local\pypoetry\Cache\virtualenvs\whats-priced-in-vDzA6oJn-py3.12\Lib\site-packages\sphinx_external_toc\parsing.py", line 90, in parse_toc_yaml
    return parse_toc_data(data)
           ^^^^^^^^^^^^^^^^^^^^
  File "C:\Users\idera\AppData\Local\pypoetry\Cache\virtualenvs\whats-priced-in-vDzA6oJn-py3.12\Lib\site-packages\sphinx_external_toc\parsing.py", line 115, in parse_toc_data
    doc_item, docs_list = _parse_doc_item(
                          ^^^^^^^^^^^^^^^^
  File "C:\Users\idera\AppData\Local\pypoetry\Cache\virtualenvs\whats-priced-in-vDzA6oJn-py3.12\Lib\site-packages\sphinx_external_toc\parsing.py", line 171, in _parse_doc_item
    raise MalformedError(
sphinx_external_toc.parsing.MalformedError: Unknown keys found: {'logo'}, allowed: {'defaults', 'parts', 'format', 'options', 'title', 'chapters', 'root', 'meta'} @ '/'

During handling of the above exception, another exception occurred:

Traceback (most recent call last):
  File "<frozen runpy>", line 198, in _run_module_as_main
  File "<frozen runpy>", line 88, in _run_code
  File "C:\Users\idera\AppData\Local\pypoetry\Cache\virtualenvs\whats-priced-in-vDzA6oJn-py3.12\Scripts\jupyter-book.exe\__main__.py", line 7, in <module>
  File "C:\Users\idera\AppData\Local\pypoetry\Cache\virtualenvs\whats-priced-in-vDzA6oJn-py3.12\Lib\site-packages\click\core.py", line 1161, in __call__
    return self.main(*args, **kwargs)
           ^^^^^^^^^^^^^^^^^^^^^^^^^^
  File "C:\Users\idera\AppData\Local\pypoetry\Cache\virtualenvs\whats-priced-in-vDzA6oJn-py3.12\Lib\site-packages\click\core.py", line 1082, in main
    rv = self.invoke(ctx)
         ^^^^^^^^^^^^^^^^
  File "C:\Users\idera\AppData\Local\pypoetry\Cache\virtualenvs\whats-priced-in-vDzA6oJn-py3.12\Lib\site-packages\click\core.py", line 1697, in invoke
    return _process_result(sub_ctx.command.invoke(sub_ctx))
                           ^^^^^^^^^^^^^^^^^^^^^^^^^^^^^^^
  File "C:\Users\idera\AppData\Local\pypoetry\Cache\virtualenvs\whats-priced-in-vDzA6oJn-py3.12\Lib\site-packages\click\core.py", line 1443, in invoke
    return ctx.invoke(self.callback, **ctx.params)
           ^^^^^^^^^^^^^^^^^^^^^^^^^^^^^^^^^^^^^^^
  File "C:\Users\idera\AppData\Local\pypoetry\Cache\virtualenvs\whats-priced-in-vDzA6oJn-py3.12\Lib\site-packages\click\core.py", line 788, in invoke
    return __callback(*args, **kwargs)
           ^^^^^^^^^^^^^^^^^^^^^^^^^^^
  File "C:\Users\idera\AppData\Local\pypoetry\Cache\virtualenvs\whats-priced-in-vDzA6oJn-py3.12\Lib\site-packages\jupyter_book\cli\main.py", line 244, in build
    _error(
  File "C:\Users\idera\AppData\Local\pypoetry\Cache\virtualenvs\whats-priced-in-vDzA6oJn-py3.12\Lib\site-packages\jupyter_book\utils.py", line 48, in _error
    raise kind(box)
RuntimeError: 
[91m===============================================================================[0m

The Table of Contents file is malformed: Unknown keys found: {'logo'}, allowed: {'defaults', 'parts', 'format', 'options', 'title', 'chapters', 'root', 'meta'} @ '/'
You may need to migrate from the old format, using:

	jupyter-book toc migrate C:\Users\idera\OneDrive\source\whats-priced-in\docs\_toc.yml -o C:\Users\idera\OneDrive\source\whats-priced-in\docs\_toc.yml

[91m===============================================================================[0m


2025-04-12 16:24:30,662 - ERROR - Failed to build the book
2025-04-12 16:24:50,861 - INFO - Starting book update process
2025-04-12 16:24:50,861 - INFO - Executing notebooks...
2025-04-12 16:24:50,862 - INFO - Processing dashboard1.ipynb...
2025-04-12 16:25:01,407 - INFO - Command poetry run jupyter nbconvert --to notebook --execute --inplace C:\Users\idera\OneDrive\source\whats-priced-in\docs\notebooks\dashboard1.ipynb executed successfully
2025-04-12 16:25:01,407 - INFO - Building the book...
2025-04-12 16:25:04,238 - ERROR - Command failed: poetry run jupyter-book build docs
2025-04-12 16:25:04,238 - ERROR - Error: Traceback (most recent call last):
  File "<frozen runpy>", line 198, in _run_module_as_main
  File "<frozen runpy>", line 88, in _run_code
  File "C:\Users\idera\AppData\Local\pypoetry\Cache\virtualenvs\whats-priced-in-vDzA6oJn-py3.12\Scripts\jupyter-book.exe\__main__.py", line 7, in <module>
  File "C:\Users\idera\AppData\Local\pypoetry\Cache\virtualenvs\whats-priced-in-vDzA6oJn-py3.12\Lib\site-packages\click\core.py", line 1161, in __call__
    return self.main(*args, **kwargs)
           ^^^^^^^^^^^^^^^^^^^^^^^^^^
  File "C:\Users\idera\AppData\Local\pypoetry\Cache\virtualenvs\whats-priced-in-vDzA6oJn-py3.12\Lib\site-packages\click\core.py", line 1082, in main
    rv = self.invoke(ctx)
         ^^^^^^^^^^^^^^^^
  File "C:\Users\idera\AppData\Local\pypoetry\Cache\virtualenvs\whats-priced-in-vDzA6oJn-py3.12\Lib\site-packages\click\core.py", line 1697, in invoke
    return _process_result(sub_ctx.command.invoke(sub_ctx))
                           ^^^^^^^^^^^^^^^^^^^^^^^^^^^^^^^
  File "C:\Users\idera\AppData\Local\pypoetry\Cache\virtualenvs\whats-priced-in-vDzA6oJn-py3.12\Lib\site-packages\click\core.py", line 1443, in invoke
    return ctx.invoke(self.callback, **ctx.params)
           ^^^^^^^^^^^^^^^^^^^^^^^^^^^^^^^^^^^^^^^
  File "C:\Users\idera\AppData\Local\pypoetry\Cache\virtualenvs\whats-priced-in-vDzA6oJn-py3.12\Lib\site-packages\click\core.py", line 788, in invoke
    return __callback(*args, **kwargs)
           ^^^^^^^^^^^^^^^^^^^^^^^^^^^
  File "C:\Users\idera\AppData\Local\pypoetry\Cache\virtualenvs\whats-priced-in-vDzA6oJn-py3.12\Lib\site-packages\jupyter_book\cli\main.py", line 301, in build
    result = build_sphinx(
             ^^^^^^^^^^^^^
  File "C:\Users\idera\AppData\Local\pypoetry\Cache\virtualenvs\whats-priced-in-vDzA6oJn-py3.12\Lib\site-packages\jupyter_book\sphinx.py", line 53, in build_sphinx
    sphinx_config, config_meta = get_final_config(
                                 ^^^^^^^^^^^^^^^^^
  File "C:\Users\idera\AppData\Local\pypoetry\Cache\virtualenvs\whats-priced-in-vDzA6oJn-py3.12\Lib\site-packages\jupyter_book\config.py", line 130, in get_final_config
    user_yaml_recurse, user_yaml_update, add_paths = yaml_to_sphinx(user_yaml)
                                                     ^^^^^^^^^^^^^^^^^^^^^^^^^
  File "C:\Users\idera\AppData\Local\pypoetry\Cache\virtualenvs\whats-priced-in-vDzA6oJn-py3.12\Lib\site-packages\jupyter_book\config.py", line 330, in yaml_to_sphinx
    raise ValueError(
ValueError: To use 'repository' buttons, you must specify the repository URL

2025-04-12 16:25:04,239 - ERROR - Failed to build the book
2025-04-12 16:25:57,490 - INFO - Starting book update process
2025-04-12 16:25:57,492 - INFO - Executing notebooks...
2025-04-12 16:25:57,493 - INFO - Processing dashboard1.ipynb...
2025-04-12 16:26:13,796 - INFO - Command poetry run jupyter nbconvert --to notebook --execute --inplace C:\Users\idera\OneDrive\source\whats-priced-in\docs\notebooks\dashboard1.ipynb executed successfully
2025-04-12 16:26:13,797 - INFO - Building the book...
2025-04-12 16:26:17,029 - ERROR - Command failed: poetry run jupyter-book build docs
2025-04-12 16:26:17,029 - ERROR - Error: Traceback (most recent call last):
  File "<frozen runpy>", line 198, in _run_module_as_main
  File "<frozen runpy>", line 88, in _run_code
  File "C:\Users\idera\AppData\Local\pypoetry\Cache\virtualenvs\whats-priced-in-vDzA6oJn-py3.12\Scripts\jupyter-book.exe\__main__.py", line 7, in <module>
  File "C:\Users\idera\AppData\Local\pypoetry\Cache\virtualenvs\whats-priced-in-vDzA6oJn-py3.12\Lib\site-packages\click\core.py", line 1161, in __call__
    return self.main(*args, **kwargs)
           ^^^^^^^^^^^^^^^^^^^^^^^^^^
  File "C:\Users\idera\AppData\Local\pypoetry\Cache\virtualenvs\whats-priced-in-vDzA6oJn-py3.12\Lib\site-packages\click\core.py", line 1082, in main
    rv = self.invoke(ctx)
         ^^^^^^^^^^^^^^^^
  File "C:\Users\idera\AppData\Local\pypoetry\Cache\virtualenvs\whats-priced-in-vDzA6oJn-py3.12\Lib\site-packages\click\core.py", line 1697, in invoke
    return _process_result(sub_ctx.command.invoke(sub_ctx))
                           ^^^^^^^^^^^^^^^^^^^^^^^^^^^^^^^
  File "C:\Users\idera\AppData\Local\pypoetry\Cache\virtualenvs\whats-priced-in-vDzA6oJn-py3.12\Lib\site-packages\click\core.py", line 1443, in invoke
    return ctx.invoke(self.callback, **ctx.params)
           ^^^^^^^^^^^^^^^^^^^^^^^^^^^^^^^^^^^^^^^
  File "C:\Users\idera\AppData\Local\pypoetry\Cache\virtualenvs\whats-priced-in-vDzA6oJn-py3.12\Lib\site-packages\click\core.py", line 788, in invoke
    return __callback(*args, **kwargs)
           ^^^^^^^^^^^^^^^^^^^^^^^^^^^
  File "C:\Users\idera\AppData\Local\pypoetry\Cache\virtualenvs\whats-priced-in-vDzA6oJn-py3.12\Lib\site-packages\jupyter_book\cli\main.py", line 301, in build
    result = build_sphinx(
             ^^^^^^^^^^^^^
  File "C:\Users\idera\AppData\Local\pypoetry\Cache\virtualenvs\whats-priced-in-vDzA6oJn-py3.12\Lib\site-packages\jupyter_book\sphinx.py", line 53, in build_sphinx
    sphinx_config, config_meta = get_final_config(
                                 ^^^^^^^^^^^^^^^^^
  File "C:\Users\idera\AppData\Local\pypoetry\Cache\virtualenvs\whats-priced-in-vDzA6oJn-py3.12\Lib\site-packages\jupyter_book\config.py", line 130, in get_final_config
    user_yaml_recurse, user_yaml_update, add_paths = yaml_to_sphinx(user_yaml)
                                                     ^^^^^^^^^^^^^^^^^^^^^^^^^
  File "C:\Users\idera\AppData\Local\pypoetry\Cache\virtualenvs\whats-priced-in-vDzA6oJn-py3.12\Lib\site-packages\jupyter_book\config.py", line 330, in yaml_to_sphinx
    raise ValueError(
ValueError: To use 'repository' buttons, you must specify the repository URL

2025-04-12 16:26:17,030 - ERROR - Failed to build the book
2025-04-12 16:33:10,635 - INFO - Starting book update process
2025-04-12 16:33:10,636 - INFO - Executing notebooks...
2025-04-12 16:33:10,637 - INFO - Processing dashboard1.ipynb...
2025-04-12 16:33:21,753 - INFO - Command poetry run jupyter nbconvert --to notebook --execute --inplace C:\Users\idera\OneDrive\source\whats-priced-in\docs\notebooks\dashboard1.ipynb executed successfully
2025-04-12 16:33:21,755 - INFO - Building the book...
2025-04-12 16:33:25,121 - ERROR - Command failed: poetry run jupyter-book build docs
2025-04-12 16:33:25,121 - ERROR - Error: Traceback (most recent call last):
  File "<frozen runpy>", line 198, in _run_module_as_main
  File "<frozen runpy>", line 88, in _run_code
  File "C:\Users\idera\AppData\Local\pypoetry\Cache\virtualenvs\whats-priced-in-vDzA6oJn-py3.12\Scripts\jupyter-book.exe\__main__.py", line 7, in <module>
  File "C:\Users\idera\AppData\Local\pypoetry\Cache\virtualenvs\whats-priced-in-vDzA6oJn-py3.12\Lib\site-packages\click\core.py", line 1161, in __call__
    return self.main(*args, **kwargs)
           ^^^^^^^^^^^^^^^^^^^^^^^^^^
  File "C:\Users\idera\AppData\Local\pypoetry\Cache\virtualenvs\whats-priced-in-vDzA6oJn-py3.12\Lib\site-packages\click\core.py", line 1082, in main
    rv = self.invoke(ctx)
         ^^^^^^^^^^^^^^^^
  File "C:\Users\idera\AppData\Local\pypoetry\Cache\virtualenvs\whats-priced-in-vDzA6oJn-py3.12\Lib\site-packages\click\core.py", line 1697, in invoke
    return _process_result(sub_ctx.command.invoke(sub_ctx))
                           ^^^^^^^^^^^^^^^^^^^^^^^^^^^^^^^
  File "C:\Users\idera\AppData\Local\pypoetry\Cache\virtualenvs\whats-priced-in-vDzA6oJn-py3.12\Lib\site-packages\click\core.py", line 1443, in invoke
    return ctx.invoke(self.callback, **ctx.params)
           ^^^^^^^^^^^^^^^^^^^^^^^^^^^^^^^^^^^^^^^
  File "C:\Users\idera\AppData\Local\pypoetry\Cache\virtualenvs\whats-priced-in-vDzA6oJn-py3.12\Lib\site-packages\click\core.py", line 788, in invoke
    return __callback(*args, **kwargs)
           ^^^^^^^^^^^^^^^^^^^^^^^^^^^
  File "C:\Users\idera\AppData\Local\pypoetry\Cache\virtualenvs\whats-priced-in-vDzA6oJn-py3.12\Lib\site-packages\jupyter_book\cli\main.py", line 301, in build
    result = build_sphinx(
             ^^^^^^^^^^^^^
  File "C:\Users\idera\AppData\Local\pypoetry\Cache\virtualenvs\whats-priced-in-vDzA6oJn-py3.12\Lib\site-packages\jupyter_book\sphinx.py", line 53, in build_sphinx
    sphinx_config, config_meta = get_final_config(
                                 ^^^^^^^^^^^^^^^^^
  File "C:\Users\idera\AppData\Local\pypoetry\Cache\virtualenvs\whats-priced-in-vDzA6oJn-py3.12\Lib\site-packages\jupyter_book\config.py", line 130, in get_final_config
    user_yaml_recurse, user_yaml_update, add_paths = yaml_to_sphinx(user_yaml)
                                                     ^^^^^^^^^^^^^^^^^^^^^^^^^
  File "C:\Users\idera\AppData\Local\pypoetry\Cache\virtualenvs\whats-priced-in-vDzA6oJn-py3.12\Lib\site-packages\jupyter_book\config.py", line 330, in yaml_to_sphinx
    raise ValueError(
ValueError: To use 'repository' buttons, you must specify the repository URL

2025-04-12 16:33:25,122 - ERROR - Failed to build the book
2025-04-12 16:39:42,831 - INFO - Starting book update process
2025-04-12 16:39:42,831 - INFO - Executing notebooks...
2025-04-12 16:39:42,832 - INFO - Processing dashboard1.ipynb...
2025-04-12 16:39:53,610 - INFO - Command poetry run jupyter nbconvert --to notebook --execute --inplace C:\Users\idera\OneDrive\source\whats-priced-in\docs\notebooks\dashboard1.ipynb executed successfully
2025-04-12 16:39:53,610 - INFO - Building the book...
2025-04-12 16:39:56,755 - ERROR - Command failed: poetry run jupyter-book build docs
2025-04-12 16:39:56,755 - ERROR - Error: Traceback (most recent call last):
  File "<frozen runpy>", line 198, in _run_module_as_main
  File "<frozen runpy>", line 88, in _run_code
  File "C:\Users\idera\AppData\Local\pypoetry\Cache\virtualenvs\whats-priced-in-vDzA6oJn-py3.12\Scripts\jupyter-book.exe\__main__.py", line 7, in <module>
  File "C:\Users\idera\AppData\Local\pypoetry\Cache\virtualenvs\whats-priced-in-vDzA6oJn-py3.12\Lib\site-packages\click\core.py", line 1161, in __call__
    return self.main(*args, **kwargs)
           ^^^^^^^^^^^^^^^^^^^^^^^^^^
  File "C:\Users\idera\AppData\Local\pypoetry\Cache\virtualenvs\whats-priced-in-vDzA6oJn-py3.12\Lib\site-packages\click\core.py", line 1082, in main
    rv = self.invoke(ctx)
         ^^^^^^^^^^^^^^^^
  File "C:\Users\idera\AppData\Local\pypoetry\Cache\virtualenvs\whats-priced-in-vDzA6oJn-py3.12\Lib\site-packages\click\core.py", line 1697, in invoke
    return _process_result(sub_ctx.command.invoke(sub_ctx))
                           ^^^^^^^^^^^^^^^^^^^^^^^^^^^^^^^
  File "C:\Users\idera\AppData\Local\pypoetry\Cache\virtualenvs\whats-priced-in-vDzA6oJn-py3.12\Lib\site-packages\click\core.py", line 1443, in invoke
    return ctx.invoke(self.callback, **ctx.params)
           ^^^^^^^^^^^^^^^^^^^^^^^^^^^^^^^^^^^^^^^
  File "C:\Users\idera\AppData\Local\pypoetry\Cache\virtualenvs\whats-priced-in-vDzA6oJn-py3.12\Lib\site-packages\click\core.py", line 788, in invoke
    return __callback(*args, **kwargs)
           ^^^^^^^^^^^^^^^^^^^^^^^^^^^
  File "C:\Users\idera\AppData\Local\pypoetry\Cache\virtualenvs\whats-priced-in-vDzA6oJn-py3.12\Lib\site-packages\jupyter_book\cli\main.py", line 301, in build
    result = build_sphinx(
             ^^^^^^^^^^^^^
  File "C:\Users\idera\AppData\Local\pypoetry\Cache\virtualenvs\whats-priced-in-vDzA6oJn-py3.12\Lib\site-packages\jupyter_book\sphinx.py", line 53, in build_sphinx
    sphinx_config, config_meta = get_final_config(
                                 ^^^^^^^^^^^^^^^^^
  File "C:\Users\idera\AppData\Local\pypoetry\Cache\virtualenvs\whats-priced-in-vDzA6oJn-py3.12\Lib\site-packages\jupyter_book\config.py", line 130, in get_final_config
    user_yaml_recurse, user_yaml_update, add_paths = yaml_to_sphinx(user_yaml)
                                                     ^^^^^^^^^^^^^^^^^^^^^^^^^
  File "C:\Users\idera\AppData\Local\pypoetry\Cache\virtualenvs\whats-priced-in-vDzA6oJn-py3.12\Lib\site-packages\jupyter_book\config.py", line 330, in yaml_to_sphinx
    raise ValueError(
ValueError: To use 'repository' buttons, you must specify the repository URL

2025-04-12 16:39:56,755 - ERROR - Failed to build the book
2025-04-12 16:43:53,545 - INFO - Starting book update process
2025-04-12 16:43:53,545 - INFO - Executing notebooks...
2025-04-12 16:43:53,546 - INFO - Processing dashboard1.ipynb...
2025-04-12 16:44:05,798 - INFO - Command poetry run jupyter nbconvert --to notebook --execute --inplace C:\Users\idera\OneDrive\source\whats-priced-in\docs\notebooks\dashboard1.ipynb executed successfully
2025-04-12 16:44:05,798 - INFO - Building the book...
2025-04-12 16:44:09,465 - ERROR - Command failed: poetry run jupyter-book build docs
2025-04-12 16:44:09,465 - ERROR - Error: Traceback (most recent call last):
  File "<frozen runpy>", line 198, in _run_module_as_main
  File "<frozen runpy>", line 88, in _run_code
  File "C:\Users\idera\AppData\Local\pypoetry\Cache\virtualenvs\whats-priced-in-vDzA6oJn-py3.12\Scripts\jupyter-book.exe\__main__.py", line 7, in <module>
  File "C:\Users\idera\AppData\Local\pypoetry\Cache\virtualenvs\whats-priced-in-vDzA6oJn-py3.12\Lib\site-packages\click\core.py", line 1161, in __call__
    return self.main(*args, **kwargs)
           ^^^^^^^^^^^^^^^^^^^^^^^^^^
  File "C:\Users\idera\AppData\Local\pypoetry\Cache\virtualenvs\whats-priced-in-vDzA6oJn-py3.12\Lib\site-packages\click\core.py", line 1082, in main
    rv = self.invoke(ctx)
         ^^^^^^^^^^^^^^^^
  File "C:\Users\idera\AppData\Local\pypoetry\Cache\virtualenvs\whats-priced-in-vDzA6oJn-py3.12\Lib\site-packages\click\core.py", line 1697, in invoke
    return _process_result(sub_ctx.command.invoke(sub_ctx))
                           ^^^^^^^^^^^^^^^^^^^^^^^^^^^^^^^
  File "C:\Users\idera\AppData\Local\pypoetry\Cache\virtualenvs\whats-priced-in-vDzA6oJn-py3.12\Lib\site-packages\click\core.py", line 1443, in invoke
    return ctx.invoke(self.callback, **ctx.params)
           ^^^^^^^^^^^^^^^^^^^^^^^^^^^^^^^^^^^^^^^
  File "C:\Users\idera\AppData\Local\pypoetry\Cache\virtualenvs\whats-priced-in-vDzA6oJn-py3.12\Lib\site-packages\click\core.py", line 788, in invoke
    return __callback(*args, **kwargs)
           ^^^^^^^^^^^^^^^^^^^^^^^^^^^
  File "C:\Users\idera\AppData\Local\pypoetry\Cache\virtualenvs\whats-priced-in-vDzA6oJn-py3.12\Lib\site-packages\jupyter_book\cli\main.py", line 301, in build
    result = build_sphinx(
             ^^^^^^^^^^^^^
  File "C:\Users\idera\AppData\Local\pypoetry\Cache\virtualenvs\whats-priced-in-vDzA6oJn-py3.12\Lib\site-packages\jupyter_book\sphinx.py", line 53, in build_sphinx
    sphinx_config, config_meta = get_final_config(
                                 ^^^^^^^^^^^^^^^^^
  File "C:\Users\idera\AppData\Local\pypoetry\Cache\virtualenvs\whats-priced-in-vDzA6oJn-py3.12\Lib\site-packages\jupyter_book\config.py", line 130, in get_final_config
    user_yaml_recurse, user_yaml_update, add_paths = yaml_to_sphinx(user_yaml)
                                                     ^^^^^^^^^^^^^^^^^^^^^^^^^
  File "C:\Users\idera\AppData\Local\pypoetry\Cache\virtualenvs\whats-priced-in-vDzA6oJn-py3.12\Lib\site-packages\jupyter_book\config.py", line 330, in yaml_to_sphinx
    raise ValueError(
ValueError: To use 'repository' buttons, you must specify the repository URL

2025-04-12 16:44:09,467 - ERROR - Failed to build the book
2025-04-12 16:46:27,740 - INFO - Starting book update process
2025-04-12 16:46:27,741 - INFO - Executing notebooks...
2025-04-12 16:46:27,742 - INFO - Processing dashboard1.ipynb...
2025-04-12 16:46:41,887 - INFO - Command poetry run jupyter nbconvert --to notebook --execute --inplace C:\Users\idera\OneDrive\source\whats-priced-in\docs\notebooks\dashboard1.ipynb executed successfully
2025-04-12 16:46:41,887 - INFO - Building the book...
2025-04-12 16:46:55,211 - INFO - Command poetry run jupyter-book build docs executed successfully
2025-04-12 16:46:55,212 - INFO - Output: Running Jupyter-Book v1.0.3
Source Folder: C:\Users\idera\OneDrive\source\whats-priced-in\docs
Config Path: C:\Users\idera\OneDrive\source\whats-priced-in\docs\_config.yml
Output Path: C:\Users\idera\OneDrive\source\whats-priced-in\docs\_build\html
[01mRunning Sphinx v5.3.0[39;49;00m
[01mmaking output directory... [39;49;00mdone
[etoc] Changing master_doc to 'intro'
[01mmyst v1.0.0:[39;49;00m MdParserConfig(commonmark_only=False, gfm_only=False, enable_extensions={'substitution', 'colon_fence', 'tasklist', 'linkify', 'dollarmath'}, disable_syntax=[], all_links_external=False, url_schemes=('mailto', 'http', 'https'), ref_domains=None, fence_as_directive=set(), number_code_blocks=[], title_to_header=False, heading_anchors=0, heading_slug_func=None, html_meta={}, footnote_transition=True, words_per_minute=200, substitutions={}, linkify_fuzzy_links=True, dmath_allow_labels=True, dmath_allow_space=True, dmath_allow_digits=True, dmath_double_inline=False, update_mathjax=True, mathjax_classes='tex2jax_process|mathjax_process|math|output_area', enable_checkboxes=False, suppress_warnings=[], highlight_code_blocks=True)
[01mmyst-nb v1.2.0:[39;49;00m NbParserConfig(custom_formats={}, metadata_key='mystnb', cell_metadata_key='mystnb', kernel_rgx_aliases={}, eval_name_regex='^[a-zA-Z_][a-zA-Z0-9_]*$', execution_mode='force', execution_cache_path='', execution_excludepatterns=[], execution_timeout=600, execution_in_temp=False, execution_allow_errors=False, execution_raise_on_error=False, execution_show_tb=False, merge_streams=False, render_plugin='default', remove_code_source=False, remove_code_outputs=False, code_prompt_show='Show code cell {type}', code_prompt_hide='Hide code cell {type}', number_source_lines=False, output_stderr='show', render_text_lexer='myst-ansi', render_error_lexer='ipythontb', render_image_options={}, render_figure_options={}, render_markdown_format='commonmark', output_folder='build', append_css=True, metadata_to_fm=False)
Using jupyter-cache at: C:\Users\idera\OneDrive\source\whats-priced-in\docs\_build\.jupyter_cache
[01msphinx-multitoc-numbering v0.1.3:[39;49;00m Loaded
[01mbuilding [mo]: [39;49;00mtargets for 0 po files that are out of date
[01mbuilding [html]: [39;49;00mtargets for 2 source files that are out of date
[01mupdating environment: [39;49;00m[new config] 2 added, 0 changed, 0 removed
[01mreading sources... [39;49;00m[ 50%] [35mintro[39;49;00m                                                
[01mreading sources... [39;49;00m[100%] [35mnotebooks/dashboard1[39;49;00m                                 
C:\Users\idera\OneDrive\source\whats-priced-in\docs\notebooks\dashboard1.ipynb: Executing notebook using local CWD [mystnb]
C:\Users\idera\OneDrive\source\whats-priced-in\docs\notebooks\dashboard1.ipynb: Executed notebook in 6.02 seconds [mystnb]

[01mlooking for now-outdated files... [39;49;00mnone found
[01mpickling environment... [39;49;00mdone
[01mchecking consistency... [39;49;00mdone
[01mpreparing documents... [39;49;00mdone
[01mwriting output... [39;49;00m[ 50%] [32mintro[39;49;00m                                                 
[01mwriting output... [39;49;00m[100%] [32mnotebooks/dashboard1[39;49;00m                                  

[01mgenerating indices... [39;49;00mgenindex done
[01mwriting additional pages... [39;49;00msearch done
[01mcopying images... [39;49;00m[100%] [33mC:/Users/idera/OneDrive/source/whats-priced-in/docs/_build/jupyter_execute/7084b6bc196b0a44e6517d8c687b345899d734c9a996705c186dd6ab14d2026f.png[39;49;00m

[01mcopying static files... [39;49;00mdone
[01mcopying extra files... [39;49;00mdone
[01mdumping search index in English (code: en)... [39;49;00mdone
[01mdumping object inventory... [39;49;00mdone
[etoc] missing index.html written as redirect to 'intro.html'
[01mbuild succeeded, 3 warnings.[39;49;00m

The HTML pages are in docs\_build\html.

[92m===============================================================================[0m

Finished generating HTML for book.
Your book's HTML pages are here:
    docs\_build\html\
You can look at your book by opening this file in a browser:
    docs\_build\html\index.html
Or paste this line directly into your browser bar:
    file://C:\Users\idera\OneDrive\source\whats-priced-in\docs\_build\html\index.html            

[92m===============================================================================[0m


2025-04-12 16:46:55,212 - INFO - Book update completed successfully at 2025-04-12 16:46:55.212130
2025-04-12 16:53:57,248 - INFO - Starting book update process
2025-04-12 16:53:57,254 - INFO - Executing notebooks...
2025-04-12 16:53:57,254 - INFO - Processing dashboard1.ipynb...
2025-04-12 16:54:08,139 - INFO - Command poetry run jupyter nbconvert --to notebook --execute --inplace C:\Users\idera\OneDrive\source\whats-priced-in\docs\notebooks\dashboard1.ipynb executed successfully
2025-04-12 16:54:08,139 - INFO - Building the book...
2025-04-12 16:54:23,568 - INFO - Command poetry run jupyter-book build docs executed successfully
2025-04-12 16:54:23,569 - INFO - Output: Running Jupyter-Book v1.0.3
Source Folder: C:\Users\idera\OneDrive\source\whats-priced-in\docs
Config Path: C:\Users\idera\OneDrive\source\whats-priced-in\docs\_config.yml
Output Path: C:\Users\idera\OneDrive\source\whats-priced-in\docs\_build\html
[01mRunning Sphinx v5.3.0[39;49;00m
[etoc] Changing master_doc to 'intro'
[01mloading pickled environment... [39;49;00mdone
[01mmyst v1.0.0:[39;49;00m MdParserConfig(commonmark_only=False, gfm_only=False, enable_extensions={'colon_fence', 'dollarmath', 'substitution', 'linkify', 'tasklist'}, disable_syntax=[], all_links_external=False, url_schemes=('mailto', 'http', 'https'), ref_domains=None, fence_as_directive=set(), number_code_blocks=[], title_to_header=False, heading_anchors=0, heading_slug_func=None, html_meta={}, footnote_transition=True, words_per_minute=200, substitutions={}, linkify_fuzzy_links=True, dmath_allow_labels=True, dmath_allow_space=True, dmath_allow_digits=True, dmath_double_inline=False, update_mathjax=True, mathjax_classes='tex2jax_process|mathjax_process|math|output_area', enable_checkboxes=False, suppress_warnings=[], highlight_code_blocks=True)
[01mmyst-nb v1.2.0:[39;49;00m NbParserConfig(custom_formats={}, metadata_key='mystnb', cell_metadata_key='mystnb', kernel_rgx_aliases={}, eval_name_regex='^[a-zA-Z_][a-zA-Z0-9_]*$', execution_mode='force', execution_cache_path='', execution_excludepatterns=[], execution_timeout=600, execution_in_temp=False, execution_allow_errors=False, execution_raise_on_error=False, execution_show_tb=False, merge_streams=False, render_plugin='default', remove_code_source=False, remove_code_outputs=False, code_prompt_show='Show code cell {type}', code_prompt_hide='Hide code cell {type}', number_source_lines=False, output_stderr='show', render_text_lexer='myst-ansi', render_error_lexer='ipythontb', render_image_options={}, render_figure_options={}, render_markdown_format='commonmark', output_folder='build', append_css=True, metadata_to_fm=False)
Using jupyter-cache at: C:\Users\idera\OneDrive\source\whats-priced-in\docs\_build\.jupyter_cache
[01msphinx-multitoc-numbering v0.1.3:[39;49;00m Loaded
[01mbuilding [mo]: [39;49;00mtargets for 0 po files that are out of date
[01mbuilding [html]: [39;49;00mtargets for 1 source files that are out of date
[01mupdating environment: [39;49;00m0 added, 1 changed, 0 removed
[01mreading sources... [39;49;00m[100%] [35mnotebooks/dashboard1[39;49;00m                                 
C:\Users\idera\OneDrive\source\whats-priced-in\docs\notebooks\dashboard1.ipynb: Executing notebook using local CWD [mystnb]
C:\Users\idera\OneDrive\source\whats-priced-in\docs\notebooks\dashboard1.ipynb: Executed notebook in 5.20 seconds [mystnb]

[01mlooking for now-outdated files... [39;49;00mnone found
[01mpickling environment... [39;49;00mdone
[01mchecking consistency... [39;49;00mdone
[01mpreparing documents... [39;49;00mdone
[01mwriting output... [39;49;00m[ 50%] [32mintro[39;49;00m                                                 
[01mwriting output... [39;49;00m[100%] [32mnotebooks/dashboard1[39;49;00m                                  

[01mgenerating indices... [39;49;00mgenindex done
[01mwriting additional pages... [39;49;00msearch done
[01mcopying images... [39;49;00m[100%] [33mC:/Users/idera/OneDrive/source/whats-priced-in/docs/_build/jupyter_execute/b65833c2d2f818de73855b26d6cd8d59e77e2bef5ccbfe1f0ec8f44b2f0ccf09.png[39;49;00m

[01mcopying static files... [39;49;00mdone
[01mcopying extra files... [39;49;00mdone
[01mdumping search index in English (code: en)... [39;49;00mdone
[01mdumping object inventory... [39;49;00mdone
[01mbuild succeeded, 3 warnings.[39;49;00m

The HTML pages are in docs\_build\html.

[92m===============================================================================[0m

Finished generating HTML for book.
Your book's HTML pages are here:
    docs\_build\html\
You can look at your book by opening this file in a browser:
    docs\_build\html\index.html
Or paste this line directly into your browser bar:
    file://C:\Users\idera\OneDrive\source\whats-priced-in\docs\_build\html\index.html            

[92m===============================================================================[0m


2025-04-12 16:54:23,569 - INFO - Book update completed successfully at 2025-04-12 16:54:23.569080
2025-04-12 16:55:42,857 - INFO - Starting book update process
2025-04-12 16:55:42,857 - INFO - Executing notebooks...
2025-04-12 16:55:42,859 - INFO - Processing dashboard1.ipynb...
2025-04-12 16:55:56,923 - INFO - Command poetry run jupyter nbconvert --to notebook --execute --inplace C:\Users\idera\OneDrive\source\whats-priced-in\docs\notebooks\dashboard1.ipynb executed successfully
2025-04-12 16:55:56,923 - INFO - Building the book...
2025-04-12 16:56:15,807 - INFO - Command poetry run jupyter-book build docs executed successfully
2025-04-12 16:56:15,807 - INFO - Output: Running Jupyter-Book v1.0.3
Source Folder: C:\Users\idera\OneDrive\source\whats-priced-in\docs
Config Path: C:\Users\idera\OneDrive\source\whats-priced-in\docs\_config.yml
Output Path: C:\Users\idera\OneDrive\source\whats-priced-in\docs\_build\html
[01mRunning Sphinx v5.3.0[39;49;00m
[etoc] Changing master_doc to 'intro'
[01mloading pickled environment... [39;49;00mdone
[01mmyst v1.0.0:[39;49;00m MdParserConfig(commonmark_only=False, gfm_only=False, enable_extensions={'dollarmath', 'tasklist', 'substitution', 'colon_fence', 'linkify'}, disable_syntax=[], all_links_external=False, url_schemes=('mailto', 'http', 'https'), ref_domains=None, fence_as_directive=set(), number_code_blocks=[], title_to_header=False, heading_anchors=0, heading_slug_func=None, html_meta={}, footnote_transition=True, words_per_minute=200, substitutions={}, linkify_fuzzy_links=True, dmath_allow_labels=True, dmath_allow_space=True, dmath_allow_digits=True, dmath_double_inline=False, update_mathjax=True, mathjax_classes='tex2jax_process|mathjax_process|math|output_area', enable_checkboxes=False, suppress_warnings=[], highlight_code_blocks=True)
[01mmyst-nb v1.2.0:[39;49;00m NbParserConfig(custom_formats={}, metadata_key='mystnb', cell_metadata_key='mystnb', kernel_rgx_aliases={}, eval_name_regex='^[a-zA-Z_][a-zA-Z0-9_]*$', execution_mode='force', execution_cache_path='', execution_excludepatterns=[], execution_timeout=600, execution_in_temp=False, execution_allow_errors=False, execution_raise_on_error=False, execution_show_tb=False, merge_streams=False, render_plugin='default', remove_code_source=False, remove_code_outputs=False, code_prompt_show='Show code cell {type}', code_prompt_hide='Hide code cell {type}', number_source_lines=False, output_stderr='show', render_text_lexer='myst-ansi', render_error_lexer='ipythontb', render_image_options={}, render_figure_options={}, render_markdown_format='commonmark', output_folder='build', append_css=True, metadata_to_fm=False)
Using jupyter-cache at: C:\Users\idera\OneDrive\source\whats-priced-in\docs\_build\.jupyter_cache
[01msphinx-multitoc-numbering v0.1.3:[39;49;00m Loaded
[01mbuilding [mo]: [39;49;00mtargets for 0 po files that are out of date
[01mbuilding [html]: [39;49;00mtargets for 1 source files that are out of date
[01mupdating environment: [39;49;00m0 added, 1 changed, 0 removed
[01mreading sources... [39;49;00m[100%] [35mnotebooks/dashboard1[39;49;00m                                 
C:\Users\idera\OneDrive\source\whats-priced-in\docs\notebooks\dashboard1.ipynb: Executing notebook using local CWD [mystnb]
C:\Users\idera\OneDrive\source\whats-priced-in\docs\notebooks\dashboard1.ipynb: Executed notebook in 7.78 seconds [mystnb]

[01mlooking for now-outdated files... [39;49;00mnone found
[01mpickling environment... [39;49;00mdone
[01mchecking consistency... [39;49;00mdone
[01mpreparing documents... [39;49;00mdone
[01mwriting output... [39;49;00m[ 50%] [32mintro[39;49;00m                                                 
[01mwriting output... [39;49;00m[100%] [32mnotebooks/dashboard1[39;49;00m                                  

[01mgenerating indices... [39;49;00mgenindex done
[01mwriting additional pages... [39;49;00msearch done
[01mcopying images... [39;49;00m[100%] [33mC:/Users/idera/OneDrive/source/whats-priced-in/docs/_build/jupyter_execute/f97832f08d6fecc780c49dac2ba38a46121ce19926f7dd0b6c7126478eab8481.png[39;49;00m

[01mcopying static files... [39;49;00mdone
[01mcopying extra files... [39;49;00mdone
[01mdumping search index in English (code: en)... [39;49;00mdone
[01mdumping object inventory... [39;49;00mdone
[01mbuild succeeded, 3 warnings.[39;49;00m

The HTML pages are in docs\_build\html.

[92m===============================================================================[0m

Finished generating HTML for book.
Your book's HTML pages are here:
    docs\_build\html\
You can look at your book by opening this file in a browser:
    docs\_build\html\index.html
Or paste this line directly into your browser bar:
    file://C:\Users\idera\OneDrive\source\whats-priced-in\docs\_build\html\index.html            

[92m===============================================================================[0m


2025-04-12 16:56:15,809 - INFO - Book update completed successfully at 2025-04-12 16:56:15.809068
2025-04-12 16:57:29,660 - INFO - Starting book update process
2025-04-12 16:57:29,661 - INFO - Executing notebooks...
2025-04-12 16:57:29,662 - INFO - Processing dashboard1.ipynb...
2025-04-12 16:57:45,263 - INFO - Command poetry run jupyter nbconvert --to notebook --execute --inplace C:\Users\idera\OneDrive\source\whats-priced-in\docs\notebooks\dashboard1.ipynb executed successfully
2025-04-12 16:57:45,264 - INFO - Building the book...
2025-04-12 16:58:00,939 - INFO - Command poetry run jupyter-book build docs executed successfully
2025-04-12 16:58:00,939 - INFO - Output: Running Jupyter-Book v1.0.3
Source Folder: C:\Users\idera\OneDrive\source\whats-priced-in\docs
Config Path: C:\Users\idera\OneDrive\source\whats-priced-in\docs\_config.yml
Output Path: C:\Users\idera\OneDrive\source\whats-priced-in\docs\_build\html
[01mRunning Sphinx v5.3.0[39;49;00m
[etoc] Changing master_doc to 'intro'
[01mloading pickled environment... [39;49;00mdone
[01mmyst v1.0.0:[39;49;00m MdParserConfig(commonmark_only=False, gfm_only=False, enable_extensions={'colon_fence', 'linkify', 'dollarmath', 'substitution', 'tasklist'}, disable_syntax=[], all_links_external=False, url_schemes=('mailto', 'http', 'https'), ref_domains=None, fence_as_directive=set(), number_code_blocks=[], title_to_header=False, heading_anchors=0, heading_slug_func=None, html_meta={}, footnote_transition=True, words_per_minute=200, substitutions={}, linkify_fuzzy_links=True, dmath_allow_labels=True, dmath_allow_space=True, dmath_allow_digits=True, dmath_double_inline=False, update_mathjax=True, mathjax_classes='tex2jax_process|mathjax_process|math|output_area', enable_checkboxes=False, suppress_warnings=[], highlight_code_blocks=True)
[01mmyst-nb v1.2.0:[39;49;00m NbParserConfig(custom_formats={}, metadata_key='mystnb', cell_metadata_key='mystnb', kernel_rgx_aliases={}, eval_name_regex='^[a-zA-Z_][a-zA-Z0-9_]*$', execution_mode='force', execution_cache_path='', execution_excludepatterns=[], execution_timeout=600, execution_in_temp=False, execution_allow_errors=False, execution_raise_on_error=False, execution_show_tb=False, merge_streams=False, render_plugin='default', remove_code_source=False, remove_code_outputs=False, code_prompt_show='Show code cell {type}', code_prompt_hide='Hide code cell {type}', number_source_lines=False, output_stderr='show', render_text_lexer='myst-ansi', render_error_lexer='ipythontb', render_image_options={}, render_figure_options={}, render_markdown_format='commonmark', output_folder='build', append_css=True, metadata_to_fm=False)
Using jupyter-cache at: C:\Users\idera\OneDrive\source\whats-priced-in\docs\_build\.jupyter_cache
[01msphinx-multitoc-numbering v0.1.3:[39;49;00m Loaded
[01mbuilding [mo]: [39;49;00mtargets for 0 po files that are out of date
[01mbuilding [html]: [39;49;00mtargets for 1 source files that are out of date
[01mupdating environment: [39;49;00m0 added, 1 changed, 0 removed
[01mreading sources... [39;49;00m[100%] [35mnotebooks/dashboard1[39;49;00m                                 
C:\Users\idera\OneDrive\source\whats-priced-in\docs\notebooks\dashboard1.ipynb: Executing notebook using local CWD [mystnb]
C:\Users\idera\OneDrive\source\whats-priced-in\docs\notebooks\dashboard1.ipynb: Executed notebook in 6.32 seconds [mystnb]

[01mlooking for now-outdated files... [39;49;00mnone found
[01mpickling environment... [39;49;00mdone
[01mchecking consistency... [39;49;00mdone
[01mpreparing documents... [39;49;00mdone
[01mwriting output... [39;49;00m[ 50%] [32mintro[39;49;00m                                                 
[01mwriting output... [39;49;00m[100%] [32mnotebooks/dashboard1[39;49;00m                                  

[01mgenerating indices... [39;49;00mgenindex done
[01mwriting additional pages... [39;49;00msearch done
[01mcopying images... [39;49;00m[100%] [33mC:/Users/idera/OneDrive/source/whats-priced-in/docs/_build/jupyter_execute/8ebda0285fcc6393950aa5a33a956418e1792d067776e8c7a00719bb90d9f66a.png[39;49;00m

[01mcopying static files... [39;49;00mdone
[01mcopying extra files... [39;49;00mdone
[01mdumping search index in English (code: en)... [39;49;00mdone
[01mdumping object inventory... [39;49;00mdone
[01mbuild succeeded, 3 warnings.[39;49;00m

The HTML pages are in docs\_build\html.

[92m===============================================================================[0m

Finished generating HTML for book.
Your book's HTML pages are here:
    docs\_build\html\
You can look at your book by opening this file in a browser:
    docs\_build\html\index.html
Or paste this line directly into your browser bar:
    file://C:\Users\idera\OneDrive\source\whats-priced-in\docs\_build\html\index.html            

[92m===============================================================================[0m


2025-04-12 16:58:00,940 - INFO - Book update completed successfully at 2025-04-12 16:58:00.940176
2025-04-12 17:04:49,496 - INFO - Starting book update process
2025-04-12 17:04:49,496 - INFO - Executing notebooks...
2025-04-12 17:04:49,497 - INFO - Processing dashboard1.ipynb...
2025-04-12 17:05:03,879 - INFO - Command poetry run jupyter nbconvert --to notebook --execute --inplace C:\Users\idera\OneDrive\source\whats-priced-in\docs\notebooks\dashboard1.ipynb executed successfully
2025-04-12 17:05:03,879 - INFO - Building the book...
2025-04-12 17:05:17,235 - INFO - Command poetry run jupyter-book build docs executed successfully
2025-04-12 17:05:17,235 - INFO - Output: Running Jupyter-Book v1.0.3
Source Folder: C:\Users\idera\OneDrive\source\whats-priced-in\docs
Config Path: C:\Users\idera\OneDrive\source\whats-priced-in\docs\_config.yml
Output Path: C:\Users\idera\OneDrive\source\whats-priced-in\docs\_build\html
[01mRunning Sphinx v5.3.0[39;49;00m
[01mmaking output directory... [39;49;00mdone
[etoc] Changing master_doc to 'intro'
[01mmyst v1.0.0:[39;49;00m MdParserConfig(commonmark_only=False, gfm_only=False, enable_extensions={'dollarmath', 'colon_fence', 'linkify', 'tasklist', 'substitution'}, disable_syntax=[], all_links_external=False, url_schemes=('mailto', 'http', 'https'), ref_domains=None, fence_as_directive=set(), number_code_blocks=[], title_to_header=False, heading_anchors=0, heading_slug_func=None, html_meta={}, footnote_transition=True, words_per_minute=200, substitutions={}, linkify_fuzzy_links=True, dmath_allow_labels=True, dmath_allow_space=True, dmath_allow_digits=True, dmath_double_inline=False, update_mathjax=True, mathjax_classes='tex2jax_process|mathjax_process|math|output_area', enable_checkboxes=False, suppress_warnings=[], highlight_code_blocks=True)
[01mmyst-nb v1.2.0:[39;49;00m NbParserConfig(custom_formats={}, metadata_key='mystnb', cell_metadata_key='mystnb', kernel_rgx_aliases={}, eval_name_regex='^[a-zA-Z_][a-zA-Z0-9_]*$', execution_mode='force', execution_cache_path='', execution_excludepatterns=[], execution_timeout=600, execution_in_temp=False, execution_allow_errors=False, execution_raise_on_error=False, execution_show_tb=False, merge_streams=False, render_plugin='default', remove_code_source=False, remove_code_outputs=False, code_prompt_show='Show code cell {type}', code_prompt_hide='Hide code cell {type}', number_source_lines=False, output_stderr='show', render_text_lexer='myst-ansi', render_error_lexer='ipythontb', render_image_options={}, render_figure_options={}, render_markdown_format='commonmark', output_folder='build', append_css=True, metadata_to_fm=False)
Using jupyter-cache at: C:\Users\idera\OneDrive\source\whats-priced-in\docs\_build\.jupyter_cache
[01msphinx-multitoc-numbering v0.1.3:[39;49;00m Loaded
[01mbuilding [mo]: [39;49;00mtargets for 0 po files that are out of date
[01mbuilding [html]: [39;49;00mtargets for 2 source files that are out of date
[01mupdating environment: [39;49;00m[new config] 2 added, 0 changed, 0 removed
[01mreading sources... [39;49;00m[ 50%] [35mintro[39;49;00m                                                
[01mreading sources... [39;49;00m[100%] [35mnotebooks/dashboard1[39;49;00m                                 
C:\Users\idera\OneDrive\source\whats-priced-in\docs\notebooks\dashboard1.ipynb: Executing notebook using local CWD [mystnb]
C:\Users\idera\OneDrive\source\whats-priced-in\docs\notebooks\dashboard1.ipynb: Executed notebook in 4.08 seconds [mystnb]

[01mlooking for now-outdated files... [39;49;00mnone found
[01mpickling environment... [39;49;00mdone
[01mchecking consistency... [39;49;00mdone
[01mpreparing documents... [39;49;00mdone
[01mwriting output... [39;49;00m[ 50%] [32mintro[39;49;00m                                                 
[01mwriting output... [39;49;00m[100%] [32mnotebooks/dashboard1[39;49;00m                                  

[01mgenerating indices... [39;49;00mgenindex done
[01mwriting additional pages... [39;49;00msearch done
[01mcopying images... [39;49;00m[100%] [33mC:/Users/idera/OneDrive/source/whats-priced-in/docs/_build/jupyter_execute/ead70aa5d3925a5171fb6d7129451bfe2bc9ea58fd835fc3b191c856de23b309.png[39;49;00m

[01mcopying static files... [39;49;00mdone
[01mcopying extra files... [39;49;00mdone
[01mdumping search index in English (code: en)... [39;49;00mdone
[01mdumping object inventory... [39;49;00mdone
[etoc] missing index.html written as redirect to 'intro.html'
[01mbuild succeeded, 4 warnings.[39;49;00m

The HTML pages are in docs\_build\html.

[92m===============================================================================[0m

Finished generating HTML for book.
Your book's HTML pages are here:
    docs\_build\html\
You can look at your book by opening this file in a browser:
    docs\_build\html\index.html
Or paste this line directly into your browser bar:
    file://C:\Users\idera\OneDrive\source\whats-priced-in\docs\_build\html\index.html            

[92m===============================================================================[0m


2025-04-12 17:05:17,235 - INFO - Book update completed successfully at 2025-04-12 17:05:17.235537
2025-04-12 17:07:09,572 - INFO - Starting book update process
2025-04-12 17:07:09,573 - INFO - Executing notebooks...
2025-04-12 17:07:09,574 - INFO - Processing dashboard1.ipynb...
2025-04-12 17:07:22,244 - INFO - Command poetry run jupyter nbconvert --to notebook --execute --inplace C:\Users\idera\OneDrive\source\whats-priced-in\docs\notebooks\dashboard1.ipynb executed successfully
2025-04-12 17:07:22,244 - INFO - Building the book...
2025-04-12 17:07:35,270 - INFO - Command poetry run jupyter-book build docs executed successfully
2025-04-12 17:07:35,270 - INFO - Output: Running Jupyter-Book v1.0.3
Source Folder: C:\Users\idera\OneDrive\source\whats-priced-in\docs
Config Path: C:\Users\idera\OneDrive\source\whats-priced-in\_config.yml
Output Path: C:\Users\idera\OneDrive\source\whats-priced-in\_build\html
[01mRunning Sphinx v5.3.0[39;49;00m
[01mmaking output directory... [39;49;00mdone
[etoc] Changing master_doc to 'intro'
[01mmyst v1.0.0:[39;49;00m MdParserConfig(commonmark_only=False, gfm_only=False, enable_extensions={'tasklist', 'colon_fence', 'linkify', 'substitution', 'dollarmath'}, disable_syntax=[], all_links_external=False, url_schemes=('mailto', 'http', 'https'), ref_domains=None, fence_as_directive=set(), number_code_blocks=[], title_to_header=False, heading_anchors=0, heading_slug_func=None, html_meta={}, footnote_transition=True, words_per_minute=200, substitutions={}, linkify_fuzzy_links=True, dmath_allow_labels=True, dmath_allow_space=True, dmath_allow_digits=True, dmath_double_inline=False, update_mathjax=True, mathjax_classes='tex2jax_process|mathjax_process|math|output_area', enable_checkboxes=False, suppress_warnings=[], highlight_code_blocks=True)
[01mmyst-nb v1.2.0:[39;49;00m NbParserConfig(custom_formats={}, metadata_key='mystnb', cell_metadata_key='mystnb', kernel_rgx_aliases={}, eval_name_regex='^[a-zA-Z_][a-zA-Z0-9_]*$', execution_mode='force', execution_cache_path='', execution_excludepatterns=[], execution_timeout=600, execution_in_temp=False, execution_allow_errors=False, execution_raise_on_error=False, execution_show_tb=False, merge_streams=False, render_plugin='default', remove_code_source=False, remove_code_outputs=False, code_prompt_show='Show code cell {type}', code_prompt_hide='Hide code cell {type}', number_source_lines=False, output_stderr='show', render_text_lexer='myst-ansi', render_error_lexer='ipythontb', render_image_options={}, render_figure_options={}, render_markdown_format='commonmark', output_folder='build', append_css=True, metadata_to_fm=False)
Using jupyter-cache at: C:\Users\idera\OneDrive\source\whats-priced-in\_build\.jupyter_cache
[01msphinx-multitoc-numbering v0.1.3:[39;49;00m Loaded
[01mbuilding [mo]: [39;49;00mtargets for 0 po files that are out of date
[01mbuilding [html]: [39;49;00mtargets for 2 source files that are out of date
[01mupdating environment: [39;49;00m[new config] 2 added, 0 changed, 0 removed
[01mreading sources... [39;49;00m[ 50%] [35mintro[39;49;00m                                                
[01mreading sources... [39;49;00m[100%] [35mnotebooks/dashboard1[39;49;00m                                 
C:\Users\idera\OneDrive\source\whats-priced-in\docs\notebooks\dashboard1.ipynb: Executing notebook using local CWD [mystnb]
C:\Users\idera\OneDrive\source\whats-priced-in\docs\notebooks\dashboard1.ipynb: Executed notebook in 4.53 seconds [mystnb]

[01mlooking for now-outdated files... [39;49;00mnone found
[01mpickling environment... [39;49;00mdone
[01mchecking consistency... [39;49;00mdone
[01mpreparing documents... [39;49;00mdone
[01mwriting output... [39;49;00m[ 50%] [32mintro[39;49;00m                                                 
[01mwriting output... [39;49;00m[100%] [32mnotebooks/dashboard1[39;49;00m                                  

[01mgenerating indices... [39;49;00mgenindex done
[01mwriting additional pages... [39;49;00msearch done
[01mcopying images... [39;49;00m[100%] [33mC:/Users/idera/OneDrive/source/whats-priced-in/_build/jupyter_execute/043081e0b10139ebc2d937e01b12bdd801e1d8bf194f2803dc2ea4846130029e.png[39;49;00m

[01mcopying static files... [39;49;00mdone
[01mcopying extra files... [39;49;00mdone
[01mdumping search index in English (code: en)... [39;49;00mdone
[01mdumping object inventory... [39;49;00mdone
[etoc] missing index.html written as redirect to 'intro.html'
[01mbuild succeeded.[39;49;00m

The HTML pages are in _build\html.

[92m===============================================================================[0m

Finished generating HTML for book.
Your book's HTML pages are here:
    _build\html\
You can look at your book by opening this file in a browser:
    _build\html\index.html
Or paste this line directly into your browser bar:
    file://C:\Users\idera\OneDrive\source\whats-priced-in\_build\html\index.html            

[92m===============================================================================[0m


2025-04-12 17:07:35,271 - INFO - Book update completed successfully at 2025-04-12 17:07:35.271833
2025-04-12 17:08:14,752 - INFO - Starting book update process
2025-04-12 17:08:14,753 - INFO - Executing notebooks...
2025-04-12 17:08:14,754 - INFO - Processing dashboard1.ipynb...
2025-04-12 17:08:30,521 - INFO - Command poetry run jupyter nbconvert --to notebook --execute --inplace C:\Users\idera\OneDrive\source\whats-priced-in\docs\notebooks\dashboard1.ipynb executed successfully
2025-04-12 17:08:30,522 - INFO - Building the book...
2025-04-12 17:08:47,080 - INFO - Command poetry run jupyter-book build docs executed successfully
2025-04-12 17:08:47,080 - INFO - Output: Running Jupyter-Book v1.0.3
Source Folder: C:\Users\idera\OneDrive\source\whats-priced-in\docs
Config Path: C:\Users\idera\OneDrive\source\whats-priced-in\_config.yml
Output Path: C:\Users\idera\OneDrive\source\whats-priced-in\_build\html
[01mRunning Sphinx v5.3.0[39;49;00m
[etoc] Changing master_doc to 'intro'
[01mloading pickled environment... [39;49;00mdone
[01mmyst v1.0.0:[39;49;00m MdParserConfig(commonmark_only=False, gfm_only=False, enable_extensions={'linkify', 'tasklist', 'colon_fence', 'substitution', 'dollarmath'}, disable_syntax=[], all_links_external=False, url_schemes=('mailto', 'http', 'https'), ref_domains=None, fence_as_directive=set(), number_code_blocks=[], title_to_header=False, heading_anchors=0, heading_slug_func=None, html_meta={}, footnote_transition=True, words_per_minute=200, substitutions={}, linkify_fuzzy_links=True, dmath_allow_labels=True, dmath_allow_space=True, dmath_allow_digits=True, dmath_double_inline=False, update_mathjax=True, mathjax_classes='tex2jax_process|mathjax_process|math|output_area', enable_checkboxes=False, suppress_warnings=[], highlight_code_blocks=True)
[01mmyst-nb v1.2.0:[39;49;00m NbParserConfig(custom_formats={}, metadata_key='mystnb', cell_metadata_key='mystnb', kernel_rgx_aliases={}, eval_name_regex='^[a-zA-Z_][a-zA-Z0-9_]*$', execution_mode='force', execution_cache_path='', execution_excludepatterns=[], execution_timeout=600, execution_in_temp=False, execution_allow_errors=False, execution_raise_on_error=False, execution_show_tb=False, merge_streams=False, render_plugin='default', remove_code_source=False, remove_code_outputs=False, code_prompt_show='Show code cell {type}', code_prompt_hide='Hide code cell {type}', number_source_lines=False, output_stderr='show', render_text_lexer='myst-ansi', render_error_lexer='ipythontb', render_image_options={}, render_figure_options={}, render_markdown_format='commonmark', output_folder='build', append_css=True, metadata_to_fm=False)
Using jupyter-cache at: C:\Users\idera\OneDrive\source\whats-priced-in\_build\.jupyter_cache
[01msphinx-multitoc-numbering v0.1.3:[39;49;00m Loaded
[01mbuilding [mo]: [39;49;00mtargets for 0 po files that are out of date
[01mbuilding [html]: [39;49;00mtargets for 1 source files that are out of date
[01mupdating environment: [39;49;00m0 added, 1 changed, 0 removed
[01mreading sources... [39;49;00m[100%] [35mnotebooks/dashboard1[39;49;00m                                 
C:\Users\idera\OneDrive\source\whats-priced-in\docs\notebooks\dashboard1.ipynb: Executing notebook using local CWD [mystnb]
C:\Users\idera\OneDrive\source\whats-priced-in\docs\notebooks\dashboard1.ipynb: Executed notebook in 5.84 seconds [mystnb]

[01mlooking for now-outdated files... [39;49;00mnone found
[01mpickling environment... [39;49;00mdone
[01mchecking consistency... [39;49;00mdone
[01mpreparing documents... [39;49;00mdone
[01mwriting output... [39;49;00m[ 50%] [32mintro[39;49;00m                                                 
[01mwriting output... [39;49;00m[100%] [32mnotebooks/dashboard1[39;49;00m                                  

[01mgenerating indices... [39;49;00mgenindex done
[01mwriting additional pages... [39;49;00msearch done
[01mcopying images... [39;49;00m[100%] [33mC:/Users/idera/OneDrive/source/whats-priced-in/_build/jupyter_execute/471d4bf9d45d88674cf550a564e56a669a0b078cb1e7a42aeb1f2201136645f2.png[39;49;00m

[01mcopying static files... [39;49;00mdone
[01mcopying extra files... [39;49;00mdone
[01mdumping search index in English (code: en)... [39;49;00mdone
[01mdumping object inventory... [39;49;00mdone
[01mbuild succeeded.[39;49;00m

The HTML pages are in _build\html.

[92m===============================================================================[0m

Finished generating HTML for book.
Your book's HTML pages are here:
    _build\html\
You can look at your book by opening this file in a browser:
    _build\html\index.html
Or paste this line directly into your browser bar:
    file://C:\Users\idera\OneDrive\source\whats-priced-in\_build\html\index.html            

[92m===============================================================================[0m


2025-04-12 17:08:47,080 - INFO - Book update completed successfully at 2025-04-12 17:08:47.080674
2025-04-12 17:20:23,922 - INFO - Starting book update process
2025-04-12 17:20:23,923 - INFO - Executing notebooks...
2025-04-12 17:20:23,924 - INFO - Processing dashboard1.ipynb...
2025-04-12 17:20:37,722 - INFO - Command poetry run jupyter nbconvert --to notebook --execute --inplace C:\Users\idera\OneDrive\source\whats-priced-in\docs\notebooks\dashboard1.ipynb executed successfully
2025-04-12 17:20:37,722 - INFO - Building the book...
2025-04-12 17:20:49,653 - INFO - Command poetry run jupyter-book build docs executed successfully
2025-04-12 17:20:49,653 - INFO - Output: Running Jupyter-Book v1.0.3
Source Folder: C:\Users\idera\OneDrive\source\whats-priced-in\docs
Config Path: C:\Users\idera\OneDrive\source\whats-priced-in\_config.yml
Output Path: C:\Users\idera\OneDrive\source\whats-priced-in\_build\html
[01mRunning Sphinx v5.3.0[39;49;00m
[etoc] Changing master_doc to 'intro'
[01mloading pickled environment... [39;49;00mdone
[01mmyst v1.0.0:[39;49;00m MdParserConfig(commonmark_only=False, gfm_only=False, enable_extensions={'dollarmath', 'tasklist', 'linkify', 'colon_fence', 'substitution'}, disable_syntax=[], all_links_external=False, url_schemes=('mailto', 'http', 'https'), ref_domains=None, fence_as_directive=set(), number_code_blocks=[], title_to_header=False, heading_anchors=0, heading_slug_func=None, html_meta={}, footnote_transition=True, words_per_minute=200, substitutions={}, linkify_fuzzy_links=True, dmath_allow_labels=True, dmath_allow_space=True, dmath_allow_digits=True, dmath_double_inline=False, update_mathjax=True, mathjax_classes='tex2jax_process|mathjax_process|math|output_area', enable_checkboxes=False, suppress_warnings=[], highlight_code_blocks=True)
[01mmyst-nb v1.2.0:[39;49;00m NbParserConfig(custom_formats={}, metadata_key='mystnb', cell_metadata_key='mystnb', kernel_rgx_aliases={}, eval_name_regex='^[a-zA-Z_][a-zA-Z0-9_]*$', execution_mode='force', execution_cache_path='', execution_excludepatterns=[], execution_timeout=600, execution_in_temp=False, execution_allow_errors=False, execution_raise_on_error=False, execution_show_tb=False, merge_streams=False, render_plugin='default', remove_code_source=False, remove_code_outputs=False, code_prompt_show='Show code cell {type}', code_prompt_hide='Hide code cell {type}', number_source_lines=False, output_stderr='show', render_text_lexer='myst-ansi', render_error_lexer='ipythontb', render_image_options={}, render_figure_options={}, render_markdown_format='commonmark', output_folder='build', append_css=True, metadata_to_fm=False)
Using jupyter-cache at: C:\Users\idera\OneDrive\source\whats-priced-in\_build\.jupyter_cache
[01msphinx-multitoc-numbering v0.1.3:[39;49;00m Loaded
[01mbuilding [mo]: [39;49;00mtargets for 0 po files that are out of date
[01mbuilding [html]: [39;49;00mtargets for 1 source files that are out of date
[01mupdating environment: [39;49;00m0 added, 1 changed, 0 removed
[01mreading sources... [39;49;00m[100%] [35mnotebooks/dashboard1[39;49;00m                                 
C:\Users\idera\OneDrive\source\whats-priced-in\docs\notebooks\dashboard1.ipynb: Executing notebook using local CWD [mystnb]
C:\Users\idera\OneDrive\source\whats-priced-in\docs\notebooks\dashboard1.ipynb: Executed notebook in 4.69 seconds [mystnb]

[01mlooking for now-outdated files... [39;49;00mnone found
[01mpickling environment... [39;49;00mdone
[01mchecking consistency... [39;49;00mdone
[01mpreparing documents... [39;49;00mdone
[01mwriting output... [39;49;00m[ 50%] [32mintro[39;49;00m                                                 
[01mwriting output... [39;49;00m[100%] [32mnotebooks/dashboard1[39;49;00m                                  

[01mgenerating indices... [39;49;00mgenindex done
[01mwriting additional pages... [39;49;00msearch done
[01mcopying images... [39;49;00m[100%] [33mC:/Users/idera/OneDrive/source/whats-priced-in/_build/jupyter_execute/72c6f4f5b0fde0558b7180e4de3f939a7d378a9f292625063254ce5c0b489950.png[39;49;00m

[01mcopying static files... [39;49;00mdone
[01mcopying extra files... [39;49;00mdone
[01mdumping search index in English (code: en)... [39;49;00mdone
[01mdumping object inventory... [39;49;00mdone
[01mbuild succeeded.[39;49;00m

The HTML pages are in _build\html.

[92m===============================================================================[0m

Finished generating HTML for book.
Your book's HTML pages are here:
    _build\html\
You can look at your book by opening this file in a browser:
    _build\html\index.html
Or paste this line directly into your browser bar:
    file://C:\Users\idera\OneDrive\source\whats-priced-in\_build\html\index.html            

[92m===============================================================================[0m


2025-04-12 17:20:49,655 - INFO - Book update completed successfully at 2025-04-12 17:20:49.655518
2025-04-12 17:21:59,441 - INFO - Starting book update process
2025-04-12 17:21:59,441 - INFO - Executing notebooks...
2025-04-12 17:21:59,442 - INFO - Processing dashboard1.ipynb...
2025-04-12 17:22:12,986 - INFO - Command poetry run jupyter nbconvert --to notebook --execute --inplace C:\Users\idera\OneDrive\source\whats-priced-in\docs\notebooks\dashboard1.ipynb executed successfully
2025-04-12 17:22:12,986 - INFO - Building the book...
2025-04-12 17:22:25,906 - INFO - Command poetry run jupyter-book build docs executed successfully
2025-04-12 17:22:25,906 - INFO - Output: Running Jupyter-Book v1.0.3
Source Folder: C:\Users\idera\OneDrive\source\whats-priced-in\docs
Config Path: C:\Users\idera\OneDrive\source\whats-priced-in\_config.yml
Output Path: C:\Users\idera\OneDrive\source\whats-priced-in\_build\html
[01mRunning Sphinx v5.3.0[39;49;00m
[etoc] Changing master_doc to 'intro'
[01mloading pickled environment... [39;49;00mdone
[01mmyst v1.0.0:[39;49;00m MdParserConfig(commonmark_only=False, gfm_only=False, enable_extensions={'dollarmath', 'linkify', 'substitution', 'colon_fence', 'tasklist'}, disable_syntax=[], all_links_external=False, url_schemes=('mailto', 'http', 'https'), ref_domains=None, fence_as_directive=set(), number_code_blocks=[], title_to_header=False, heading_anchors=0, heading_slug_func=None, html_meta={}, footnote_transition=True, words_per_minute=200, substitutions={}, linkify_fuzzy_links=True, dmath_allow_labels=True, dmath_allow_space=True, dmath_allow_digits=True, dmath_double_inline=False, update_mathjax=True, mathjax_classes='tex2jax_process|mathjax_process|math|output_area', enable_checkboxes=False, suppress_warnings=[], highlight_code_blocks=True)
[01mmyst-nb v1.2.0:[39;49;00m NbParserConfig(custom_formats={}, metadata_key='mystnb', cell_metadata_key='mystnb', kernel_rgx_aliases={}, eval_name_regex='^[a-zA-Z_][a-zA-Z0-9_]*$', execution_mode='force', execution_cache_path='', execution_excludepatterns=[], execution_timeout=600, execution_in_temp=False, execution_allow_errors=False, execution_raise_on_error=False, execution_show_tb=False, merge_streams=False, render_plugin='default', remove_code_source=False, remove_code_outputs=False, code_prompt_show='Show code cell {type}', code_prompt_hide='Hide code cell {type}', number_source_lines=False, output_stderr='show', render_text_lexer='myst-ansi', render_error_lexer='ipythontb', render_image_options={}, render_figure_options={}, render_markdown_format='commonmark', output_folder='build', append_css=True, metadata_to_fm=False)
Using jupyter-cache at: C:\Users\idera\OneDrive\source\whats-priced-in\_build\.jupyter_cache
[01msphinx-multitoc-numbering v0.1.3:[39;49;00m Loaded
[01mbuilding [mo]: [39;49;00mtargets for 0 po files that are out of date
[01mbuilding [html]: [39;49;00mtargets for 1 source files that are out of date
[01mupdating environment: [39;49;00m0 added, 1 changed, 0 removed
[01mreading sources... [39;49;00m[100%] [35mnotebooks/dashboard1[39;49;00m                                 
C:\Users\idera\OneDrive\source\whats-priced-in\docs\notebooks\dashboard1.ipynb: Executing notebook using local CWD [mystnb]
C:\Users\idera\OneDrive\source\whats-priced-in\docs\notebooks\dashboard1.ipynb: Executed notebook in 4.76 seconds [mystnb]

[01mlooking for now-outdated files... [39;49;00mnone found
[01mpickling environment... [39;49;00mdone
[01mchecking consistency... [39;49;00mdone
[01mpreparing documents... [39;49;00mdone
[01mwriting output... [39;49;00m[ 50%] [32mintro[39;49;00m                                                 
[01mwriting output... [39;49;00m[100%] [32mnotebooks/dashboard1[39;49;00m                                  

[01mgenerating indices... [39;49;00mgenindex done
[01mwriting additional pages... [39;49;00msearch done
[01mcopying images... [39;49;00m[100%] [33mC:/Users/idera/OneDrive/source/whats-priced-in/_build/jupyter_execute/9f78b914953f4e0d7176b442899997d3b584756e0177ad0201c4a63c12ecfab3.png[39;49;00m

[01mcopying static files... [39;49;00mdone
[01mcopying extra files... [39;49;00mdone
[01mdumping search index in English (code: en)... [39;49;00mdone
[01mdumping object inventory... [39;49;00mdone
[01mbuild succeeded.[39;49;00m

The HTML pages are in _build\html.

[92m===============================================================================[0m

Finished generating HTML for book.
Your book's HTML pages are here:
    _build\html\
You can look at your book by opening this file in a browser:
    _build\html\index.html
Or paste this line directly into your browser bar:
    file://C:\Users\idera\OneDrive\source\whats-priced-in\_build\html\index.html            

[92m===============================================================================[0m


2025-04-12 17:22:25,907 - INFO - Book update completed successfully at 2025-04-12 17:22:25.907901
2025-04-12 17:25:11,750 - INFO - Starting book update process
2025-04-12 17:25:11,751 - INFO - Executing notebooks...
2025-04-12 17:25:11,751 - INFO - Processing dashboard1.ipynb...
2025-04-12 17:25:26,113 - INFO - Command poetry run jupyter nbconvert --to notebook --execute --inplace C:\Users\idera\OneDrive\source\whats-priced-in\docs\notebooks\dashboard1.ipynb executed successfully
2025-04-12 17:25:26,114 - INFO - Building the book...
2025-04-12 17:25:40,296 - INFO - Command poetry run jupyter-book build docs executed successfully
2025-04-12 17:25:40,296 - INFO - Output: Running Jupyter-Book v1.0.3
Source Folder: C:\Users\idera\OneDrive\source\whats-priced-in\docs
Config Path: C:\Users\idera\OneDrive\source\whats-priced-in\_config.yml
Output Path: C:\Users\idera\OneDrive\source\whats-priced-in\_build\html
[01mRunning Sphinx v5.3.0[39;49;00m
[etoc] Changing master_doc to 'intro'
[01mloading pickled environment... [39;49;00mdone
[01mmyst v1.0.0:[39;49;00m MdParserConfig(commonmark_only=False, gfm_only=False, enable_extensions={'dollarmath', 'linkify', 'tasklist', 'colon_fence', 'substitution'}, disable_syntax=[], all_links_external=False, url_schemes=('mailto', 'http', 'https'), ref_domains=None, fence_as_directive=set(), number_code_blocks=[], title_to_header=False, heading_anchors=0, heading_slug_func=None, html_meta={}, footnote_transition=True, words_per_minute=200, substitutions={}, linkify_fuzzy_links=True, dmath_allow_labels=True, dmath_allow_space=True, dmath_allow_digits=True, dmath_double_inline=False, update_mathjax=True, mathjax_classes='tex2jax_process|mathjax_process|math|output_area', enable_checkboxes=False, suppress_warnings=[], highlight_code_blocks=True)
[01mmyst-nb v1.2.0:[39;49;00m NbParserConfig(custom_formats={}, metadata_key='mystnb', cell_metadata_key='mystnb', kernel_rgx_aliases={}, eval_name_regex='^[a-zA-Z_][a-zA-Z0-9_]*$', execution_mode='force', execution_cache_path='', execution_excludepatterns=[], execution_timeout=600, execution_in_temp=False, execution_allow_errors=False, execution_raise_on_error=False, execution_show_tb=False, merge_streams=False, render_plugin='default', remove_code_source=False, remove_code_outputs=False, code_prompt_show='Show code cell {type}', code_prompt_hide='Hide code cell {type}', number_source_lines=False, output_stderr='show', render_text_lexer='myst-ansi', render_error_lexer='ipythontb', render_image_options={}, render_figure_options={}, render_markdown_format='commonmark', output_folder='build', append_css=True, metadata_to_fm=False)
Using jupyter-cache at: C:\Users\idera\OneDrive\source\whats-priced-in\_build\.jupyter_cache
[01msphinx-multitoc-numbering v0.1.3:[39;49;00m Loaded
[01mbuilding [mo]: [39;49;00mtargets for 0 po files that are out of date
[01mbuilding [html]: [39;49;00mtargets for 2 source files that are out of date
[01mupdating environment: [39;49;00m[config changed ('author')] 2 added, 0 changed, 0 removed
[01mreading sources... [39;49;00m[ 50%] [35mintro[39;49;00m                                                
[01mreading sources... [39;49;00m[100%] [35mnotebooks/dashboard1[39;49;00m                                 
C:\Users\idera\OneDrive\source\whats-priced-in\docs\notebooks\dashboard1.ipynb: Executing notebook using local CWD [mystnb]
C:\Users\idera\OneDrive\source\whats-priced-in\docs\notebooks\dashboard1.ipynb: Executed notebook in 5.10 seconds [mystnb]

[01mlooking for now-outdated files... [39;49;00mnone found
[01mpickling environment... [39;49;00mdone
[01mchecking consistency... [39;49;00mdone
[01mpreparing documents... [39;49;00mdone
[01mwriting output... [39;49;00m[ 50%] [32mintro[39;49;00m                                                 
[01mwriting output... [39;49;00m[100%] [32mnotebooks/dashboard1[39;49;00m                                  

[01mgenerating indices... [39;49;00mgenindex done
[01mwriting additional pages... [39;49;00msearch done
[01mcopying images... [39;49;00m[100%] [33mC:/Users/idera/OneDrive/source/whats-priced-in/_build/jupyter_execute/a9235158fb136b49f2f60b201d3012fcb9342975601c0bddc2d0985ba78e1328.png[39;49;00m

[01mcopying static files... [39;49;00mdone
[01mcopying extra files... [39;49;00mdone
[01mdumping search index in English (code: en)... [39;49;00mdone
[01mdumping object inventory... [39;49;00mdone
[01mbuild succeeded.[39;49;00m

The HTML pages are in _build\html.

[92m===============================================================================[0m

Finished generating HTML for book.
Your book's HTML pages are here:
    _build\html\
You can look at your book by opening this file in a browser:
    _build\html\index.html
Or paste this line directly into your browser bar:
    file://C:\Users\idera\OneDrive\source\whats-priced-in\_build\html\index.html            

[92m===============================================================================[0m


2025-04-12 17:25:40,297 - INFO - Book update completed successfully at 2025-04-12 17:25:40.297874
