2025-04-11 13:05:49,404 - INFO - Starting book update process
2025-04-11 13:05:49,404 - INFO - Executing notebooks...
2025-04-11 13:05:49,405 - INFO - Processing dashboard1.ipynb...
2025-04-11 13:05:58,417 - INFO - Command poetry run jupyter nbconvert --to notebook --execute --inplace C:\Users\idera\OneDrive\source\tulip-collector\docs\notebooks\dashboard1.ipynb executed successfully
2025-04-11 13:05:58,417 - INFO - Building the book...
2025-04-11 13:06:11,259 - INFO - Command poetry run jupyter-book build docs executed successfully
2025-04-11 13:06:11,260 - INFO - Output: Running Jupyter-Book v1.0.4.post1
Source Folder: C:\Users\idera\OneDrive\source\tulip-collector\docs
Config Path: C:\Users\idera\OneDrive\source\tulip-collector\_config.yml
Output Path: C:\Users\idera\OneDrive\source\tulip-collector\_build\html
[01mRunning Sphinx v7.4.7[39;49;00m
[01mloading translations [en]... [39;49;00mdone
[etoc] Changing master_doc to 'intro'
[01mloading pickled environment... [39;49;00mdone
[01mmyst v3.0.1:[39;49;00m MdParserConfig(commonmark_only=False, gfm_only=False, enable_extensions={'colon_fence', 'tasklist', 'linkify', 'dollarmath', 'substitution'}, disable_syntax=[], all_links_external=False, links_external_new_tab=False, url_schemes=('mailto', 'http', 'https'), ref_domains=None, fence_as_directive=set(), number_code_blocks=[], title_to_header=False, heading_anchors=0, heading_slug_func=None, html_meta={}, footnote_transition=True, words_per_minute=200, substitutions={}, linkify_fuzzy_links=True, dmath_allow_labels=True, dmath_allow_space=True, dmath_allow_digits=True, dmath_double_inline=False, update_mathjax=True, mathjax_classes='tex2jax_process|mathjax_process|math|output_area', enable_checkboxes=False, suppress_warnings=[], highlight_code_blocks=True)
[01mmyst-nb v1.2.0:[39;49;00m NbParserConfig(custom_formats={}, metadata_key='mystnb', cell_metadata_key='mystnb', kernel_rgx_aliases={}, eval_name_regex='^[a-zA-Z_][a-zA-Z0-9_]*$', execution_mode='force', execution_cache_path='', execution_excludepatterns=[], execution_timeout=600, execution_in_temp=False, execution_allow_errors=False, execution_raise_on_error=False, execution_show_tb=False, merge_streams=False, render_plugin='default', remove_code_source=False, remove_code_outputs=False, code_prompt_show='Show code cell {type}', code_prompt_hide='Hide code cell {type}', number_source_lines=False, output_stderr='show', render_text_lexer='myst-ansi', render_error_lexer='ipythontb', render_image_options={}, render_figure_options={}, render_markdown_format='commonmark', output_folder='build', append_css=True, metadata_to_fm=False)
Using jupyter-cache at: C:\Users\idera\OneDrive\source\tulip-collector\_build\.jupyter_cache
[01msphinx-multitoc-numbering v0.1.3:[39;49;00m Loaded
[01mbuilding [mo]: [39;49;00mtargets for 0 po files that are out of date
[01mwriting output... [39;49;00m
[01mbuilding [html]: [39;49;00mtargets for 1 source files that are out of date
[01mupdating environment: [39;49;00m0 added, 1 changed, 0 removed
[2K[01mreading sources... [39;49;00m[100%] [35mnotebooks/dashboard1[39;49;00m
C:\Users\idera\OneDrive\source\tulip-collector\docs\notebooks/dashboard1.ipynb: Executing notebook using local CWD [mystnb]
C:\Users\idera\OneDrive\source\tulip-collector\docs\notebooks/dashboard1.ipynb: Executed notebook in 4.12 seconds [mystnb]

[01mlooking for now-outdated files... [39;49;00mnone found
[01mpickling environment... [39;49;00mdone
[01mchecking consistency... [39;49;00mdone
[01mpreparing documents... [39;49;00mdone
[01mcopying assets... [39;49;00m
[01mcopying static files... [39;49;00mdone
[01mcopying extra files... [39;49;00mdone
[01mcopying assets: [39;49;00mdone
[2K[01mwriting output... [39;49;00m[ 50%] [32mintro[39;49;00m
[2K[01mwriting output... [39;49;00m[100%] [32mnotebooks/dashboard1[39;49;00m

[01mgenerating indices... [39;49;00mgenindex done
[01mwriting additional pages... [39;49;00msearch done
[2K[01mcopying images... [39;49;00m[100%] [33mC:/Users/idera/OneDrive/source/tulip-collector/_build/jupyter_execute/b6e3e6bbd8a076ab4d241e102514410153894c0bbea86215081bfe370e6c2cba.png[39;49;00m

[01mdumping search index in English (code: en)... [39;49;00mdone
[01mdumping object inventory... [39;49;00mdone
[01mbuild succeeded, 1 warning.[39;49;00m

The HTML pages are in _build\html.

[92m===============================================================================[0m

Finished generating HTML for book.
Your book's HTML pages are here:
    _build\html\
You can look at your book by opening this file in a browser:
    _build\html\index.html
Or paste this line directly into your browser bar:
    file://C:\Users\idera\OneDrive\source\tulip-collector\_build\html\index.html            

[92m===============================================================================[0m


2025-04-11 13:06:11,261 - INFO - Book update completed successfully at 2025-04-11 13:06:11.261181
